2024-11-21 02:33:06,628 - INFO - Sending Email...emailgarrett93@gmail.com with subject: Hello!
2024-11-21 02:33:07,694 - INFO - Sending Email...grrttshae1@gmail.com with subject: I hope this works
2024-11-21 02:33:08,662 - INFO - Sending Email...grrttshae1@gmail.com with subject: maybe is cause im using the sme words
2024-11-21 02:33:18,597 - INFO - Sending Email...emailgarrett93@gmail.com with subject: Hello!
2024-11-21 02:33:20,544 - INFO - Sending Email...grrttshae1@gmail.com with subject: I hope this works
2024-11-21 02:33:21,406 - INFO - Sending Email...grrttshae1@gmail.com with subject: maybe is cause im using the sme words
2024-11-21 02:33:30,336 - INFO - Sending Email...emailgarrett93@gmail.com with subject: Hello!
2024-11-21 02:33:32,270 - INFO - Sending Email...grrttshae1@gmail.com with subject: I hope this works
2024-11-21 02:33:34,098 - INFO - Sending Email...grrttshae1@gmail.com with subject: maybe is cause im using the sme words
2024-11-21 02:35:54,101 - INFO - Sending Email...emailgarrett93@gmail.com with subject: Hello! and body: This is the first message.
2024-11-21 02:39:42,906 - INFO - Sending Email...emailgarrett93@gmail.com with subject: Hello! and body: This is the first message.
2024-11-21 02:39:43,728 - INFO - Sending Email...grrttshae1@gmail.com with subject: I hope this works and body: The is the next message.
2024-11-21 03:16:34,730 - INFO - Sending Email...emailgarrett93@gmail.com with subject: Hello! and body: This is the first message.
2024-11-21 03:16:35,785 - INFO - Sending Email...grrttshae1@gmail.com with subject: I hope this works and body: The is the next message.
2024-11-21 03:16:36,631 - INFO - Sending Email...grrttshae1@gmail.com with subject: maybe is cause im using the sme words and body: This is the final message.
2024-11-21 03:23:32,059 - WARNING - Validatation Errors for row {'subject': 'Missing email', 'body': ' This a Test', 'to_email': ''}: Missing or Invalid Email: 
2024-11-21 03:23:32,059 - WARNING - Validatation Errors for row {'subject': '', 'body': 'missing', 'to_email': ''}: Missing subject., Missing or Invalid Email: 
2024-11-21 03:23:42,067 - INFO - Sending Email...emailgarrett93@gmail.com with subject: Valid email and body: this is a test.
2024-11-21 03:23:43,033 - INFO - Sending Email...invalidemail@gmail.com with subject: invalid email and body:  This is test.
2024-11-21 03:23:53,052 - INFO - Sending Email...emailgarrett93@gmail.com with subject: Valid email and body: this is a test.
2024-11-21 03:24:48,573 - WARNING - Validatation Errors for row {'subject': 'Missing email', 'body': ' This a Test', 'to_email': ''}: Missing or Invalid Email: 
2024-11-21 03:24:48,573 - WARNING - Validatation Errors for row {'subject': 'invalid email', 'body': ' This is test.', 'to_email': 'invalidemailgmail.com'}: Missing or Invalid Email: invalidemailgmail.com
2024-11-21 03:24:48,575 - WARNING - Validatation Errors for row {'subject': '', 'body': 'missing', 'to_email': ''}: Missing subject., Missing or Invalid Email: 
2024-11-21 03:24:58,582 - INFO - Sending Email...emailgarrett93@gmail.com with subject: Valid email and body: this is a test.
2024-11-21 03:35:11,853 - WARNING - Validatation Errors for row {'subject': 'Missing email', 'body': ' This a Test', 'to_email': ''}: Missing or Invalid Email: 
2024-11-21 03:35:11,853 - WARNING - Validatation Errors for row {'subject': 'invalid email', 'body': ' This is test.', 'to_email': 'invalidemailgmail.com'}: Missing or Invalid Email: invalidemailgmail.com
2024-11-21 03:35:11,853 - WARNING - Validatation Errors for row {'subject': '', 'body': 'missing', 'to_email': ''}: Missing subject., Missing or Invalid Email: 
2024-11-21 03:35:11,853 - WARNING - Validatation Errors for row {'subject': '', 'body': '', 'to_email': 'usaer@.com'}: Missing subject., Missing Body., Missing or Invalid Email: usaer@.com
2024-11-21 03:35:21,859 - INFO - Sending Email...emailgarrett93@gmail.com with subject: Valid email and body: this is a test.
2024-11-21 03:35:23,137 - INFO - Sending Email...emailgarrett93@gmail.com with subject: * and body: *
2024-11-21 03:35:24,633 - INFO - Sending Email...emailgarrett93@gmail.com with subject: bbbbbbbbbbbbbbbbbbbbbbbbbbbbbbbbbbbbbbbbbbbbbbbbbbbbbbbbbbbbbbbbbbbbbbbbbbbbbbbbbbbbbbbbbbbbbbbbbbbbbbbbbbbbbbbbbbbbbbbbbbbbbbbbbbbbb and body: testtesttesttesttesttesttesttesttesttesttesttesttesttesttesttesttesttesttesttesttesttesttesttesttesttesttesttesttesttesttesttesttesttesttesttesttesttesttesttesttesttesttesttesttesttesttesttesttesttesttesttesttesttesttesttesttesttesttesttesttesttesttesttesttesttesttesttesttesttesttesttesttesttesttesttesttesttesttesttesttesttesttesttesttesttesttesttesttesttesttesttesttesttesttesttesttesttesttesttesttesttesttesttesttesttesttesttesttesttest
2024-11-21 03:36:09,034 - ERROR - The CSV file was not Found. Please Ensure it exists.
2024-11-21 03:41:09,423 - WARNING - Validatation Errors for row {'subject': 'Missing email', 'body': ' This a Test', 'to_email': ''}: Missing or Invalid Email: 
2024-11-21 03:41:09,423 - WARNING - Validatation Errors for row {'subject': 'invalid email', 'body': ' This is test.', 'to_email': 'invalidemailgmail.com'}: Missing or Invalid Email: invalidemailgmail.com
2024-11-21 03:41:09,423 - WARNING - Validatation Errors for row {'subject': '', 'body': 'missing', 'to_email': ''}: Missing subject., Missing or Invalid Email: 
2024-11-21 03:41:09,423 - WARNING - Validatation Errors for row {'subject': '', 'body': '', 'to_email': 'usaer@.com'}: Missing subject., Missing Body., Missing or Invalid Email: usaer@.com
2024-11-21 03:41:19,430 - INFO - Sending Email...emailgarrett93@gmail.com with subject: Valid email and body: this is a test.
2024-11-21 03:41:19,449 - INFO - Sending Email...emailgarrett93@gmail.com with subject: * and body: *
2024-11-21 03:41:19,452 - INFO - Sending Email...emailgarrett93@gmail.com with subject: bbbbbbbbbbbbbbbbbbbbbbbbbbbbbbbbbbbbbbbbbbbbbbbbbbbbbbbbbbbbbbbbbbbbbbbbbbbbbbbbbbbbbbbbbbbbbbbbbbbbbbbbbbbbbbbbbbbbbbbbbbbbbbbbbbbbb and body: testtesttesttesttesttesttesttesttesttesttesttesttesttesttesttesttesttesttesttesttesttesttesttesttesttesttesttesttesttesttesttesttesttesttesttesttesttesttesttesttesttesttesttesttesttesttesttesttesttesttesttesttesttesttesttesttesttesttesttesttesttesttesttesttesttesttesttesttesttesttesttesttesttesttesttesttesttesttesttesttesttesttesttesttesttesttesttesttesttesttesttesttesttesttesttesttesttesttesttesttesttesttesttesttesttesttesttesttesttest
2024-11-21 03:41:19,452 - INFO - Sending Email...grrttshae1@gamil.com with subject: test and body: test
2024-11-21 03:41:19,452 - INFO - Sending Email...grrttshae1@gamil.com with subject: test and body: test
2024-11-21 03:41:19,452 - INFO - Sending Email...grrttshae1@gamil.com with subject: test and body: test
2024-11-21 03:41:19,457 - INFO - Sending Email...grrttshae1@gamil.com with subject: test and body: test
2024-11-21 03:41:19,457 - INFO - Sending Email...grrttshae1@gamil.com with subject: test and body: test
2024-11-21 03:41:29,464 - INFO - Sending Email...emailgarrett93@gmail.com with subject: Valid email and body: this is a test.
2024-11-21 03:41:29,466 - INFO - Sending Email...emailgarrett93@gmail.com with subject: * and body: *
2024-11-21 03:41:29,468 - INFO - Sending Email...emailgarrett93@gmail.com with subject: bbbbbbbbbbbbbbbbbbbbbbbbbbbbbbbbbbbbbbbbbbbbbbbbbbbbbbbbbbbbbbbbbbbbbbbbbbbbbbbbbbbbbbbbbbbbbbbbbbbbbbbbbbbbbbbbbbbbbbbbbbbbbbbbbbbbb and body: testtesttesttesttesttesttesttesttesttesttesttesttesttesttesttesttesttesttesttesttesttesttesttesttesttesttesttesttesttesttesttesttesttesttesttesttesttesttesttesttesttesttesttesttesttesttesttesttesttesttesttesttesttesttesttesttesttesttesttesttesttesttesttesttesttesttesttesttesttesttesttesttesttesttesttesttesttesttesttesttesttesttesttesttesttesttesttesttesttesttesttesttesttesttesttesttesttesttesttesttesttesttesttesttesttesttesttesttesttest
2024-11-21 03:41:29,469 - INFO - Sending Email...grrttshae1@gamil.com with subject: test and body: test
2024-11-21 03:41:29,471 - INFO - Sending Email...grrttshae1@gamil.com with subject: test and body: test
2024-11-21 03:41:29,472 - INFO - Sending Email...grrttshae1@gamil.com with subject: test and body: test
2024-11-21 03:41:29,473 - INFO - Sending Email...grrttshae1@gamil.com with subject: test and body: test
2024-11-21 03:41:29,474 - INFO - Sending Email...grrttshae1@gamil.com with subject: test and body: test
2024-11-21 03:41:39,480 - INFO - Sending Email...emailgarrett93@gmail.com with subject: Valid email and body: this is a test.
2024-11-21 03:41:39,480 - INFO - Sending Email...emailgarrett93@gmail.com with subject: * and body: *
2024-11-21 03:41:39,490 - INFO - Sending Email...emailgarrett93@gmail.com with subject: bbbbbbbbbbbbbbbbbbbbbbbbbbbbbbbbbbbbbbbbbbbbbbbbbbbbbbbbbbbbbbbbbbbbbbbbbbbbbbbbbbbbbbbbbbbbbbbbbbbbbbbbbbbbbbbbbbbbbbbbbbbbbbbbbbbbb and body: testtesttesttesttesttesttesttesttesttesttesttesttesttesttesttesttesttesttesttesttesttesttesttesttesttesttesttesttesttesttesttesttesttesttesttesttesttesttesttesttesttesttesttesttesttesttesttesttesttesttesttesttesttesttesttesttesttesttesttesttesttesttesttesttesttesttesttesttesttesttesttesttesttesttesttesttesttesttesttesttesttesttesttesttesttesttesttesttesttesttesttesttesttesttesttesttesttesttesttesttesttesttesttesttesttesttesttesttesttest
2024-11-21 03:41:39,490 - INFO - Sending Email...grrttshae1@gamil.com with subject: test and body: test
2024-11-21 03:41:39,491 - INFO - Sending Email...grrttshae1@gamil.com with subject: test and body: test
2024-11-21 03:41:39,492 - INFO - Sending Email...grrttshae1@gamil.com with subject: test and body: test
2024-11-21 03:41:39,493 - INFO - Sending Email...grrttshae1@gamil.com with subject: test and body: test
2024-11-21 03:41:39,494 - INFO - Sending Email...grrttshae1@gamil.com with subject: test and body: test
2024-11-21 03:41:49,500 - INFO - Sending Email...emailgarrett93@gmail.com with subject: Valid email and body: this is a test.
2024-11-21 03:41:49,500 - INFO - Sending Email...emailgarrett93@gmail.com with subject: * and body: *
2024-11-21 03:41:49,500 - INFO - Sending Email...emailgarrett93@gmail.com with subject: bbbbbbbbbbbbbbbbbbbbbbbbbbbbbbbbbbbbbbbbbbbbbbbbbbbbbbbbbbbbbbbbbbbbbbbbbbbbbbbbbbbbbbbbbbbbbbbbbbbbbbbbbbbbbbbbbbbbbbbbbbbbbbbbbbbbb and body: testtesttesttesttesttesttesttesttesttesttesttesttesttesttesttesttesttesttesttesttesttesttesttesttesttesttesttesttesttesttesttesttesttesttesttesttesttesttesttesttesttesttesttesttesttesttesttesttesttesttesttesttesttesttesttesttesttesttesttesttesttesttesttesttesttesttesttesttesttesttesttesttesttesttesttesttesttesttesttesttesttesttesttesttesttesttesttesttesttesttesttesttesttesttesttesttesttesttesttesttesttesttesttesttesttesttesttesttesttest
2024-11-21 03:41:49,500 - INFO - Sending Email...grrttshae1@gamil.com with subject: test and body: test
2024-11-21 03:41:49,509 - INFO - Sending Email...grrttshae1@gamil.com with subject: test and body: test
2024-11-21 03:41:49,509 - INFO - Sending Email...grrttshae1@gamil.com with subject: test and body: test
2024-11-21 03:41:49,510 - INFO - Sending Email...grrttshae1@gamil.com with subject: test and body: test
2024-11-21 03:41:49,510 - INFO - Sending Email...grrttshae1@gamil.com with subject: test and body: test
2024-11-21 09:14:11,020 - WARNING - Validatation Errors for row {'subject': 'Missing email', 'body': ' This a Test', 'to_email': ''}: Missing or Invalid Email: 
2024-11-21 09:14:11,020 - WARNING - Validatation Errors for row {'subject': 'invalid email', 'body': ' This is test.', 'to_email': 'invalidemailgmail.com'}: Missing or Invalid Email: invalidemailgmail.com
2024-11-21 09:14:11,025 - WARNING - Validatation Errors for row {'subject': '', 'body': 'missing', 'to_email': ''}: Missing subject., Missing or Invalid Email: 
2024-11-21 09:14:11,025 - WARNING - Validatation Errors for row {'subject': '', 'body': '', 'to_email': 'usaer@.com'}: Missing subject., Missing Body., Missing or Invalid Email: usaer@.com
2024-11-21 09:14:21,032 - INFO - Sending Email...emailgarrett93@gmail.com with subject: Valid email and body: this is a test.
2024-11-21 09:14:21,032 - INFO - Email successfully sent to emailgarrett93@gmail.com with subject: Valid email and body: this is a test.
2024-11-21 09:14:21,056 - INFO - Sending Email...emailgarrett93@gmail.com with subject: * and body: *
2024-11-21 09:14:21,056 - INFO - Email successfully sent to emailgarrett93@gmail.com with subject: * and body: *
2024-11-21 09:14:21,056 - INFO - Sending Email...emailgarrett93@gmail.com with subject: bbbbbbbbbbbbbbbbbbbbbbbbbbbbbbbbbbbbbbbbbbbbbbbbbbbbbbbbbbbbbbbbbbbbbbbbbbbbbbbbbbbbbbbbbbbbbbbbbbbbbbbbbbbbbbbbbbbbbbbbbbbbbbbbbbbbb and body: testtesttesttesttesttesttesttesttesttesttesttesttesttesttesttesttesttesttesttesttesttesttesttesttesttesttesttesttesttesttesttesttesttesttesttesttesttesttesttesttesttesttesttesttesttesttesttesttesttesttesttesttesttesttesttesttesttesttesttesttesttesttesttesttesttesttesttesttesttesttesttesttesttesttesttesttesttesttesttesttesttesttesttesttesttesttesttesttesttesttesttesttesttesttesttesttesttesttesttesttesttesttesttesttesttesttesttesttesttest
2024-11-21 09:14:21,056 - INFO - Email successfully sent to emailgarrett93@gmail.com with subject: bbbbbbbbbbbbbbbbbbbbbbbbbbbbbbbbbbbbbbbbbbbbbbbbbbbbbbbbbbbbbbbbbbbbbbbbbbbbbbbbbbbbbbbbbbbbbbbbbbbbbbbbbbbbbbbbbbbbbbbbbbbbbbbbbbbbb and body: testtesttesttesttesttesttesttesttesttesttesttesttesttesttesttesttesttesttesttesttesttesttesttesttesttesttesttesttesttesttesttesttesttesttesttesttesttesttesttesttesttesttesttesttesttesttesttesttesttesttesttesttesttesttesttesttesttesttesttesttesttesttesttesttesttesttesttesttesttesttesttesttesttesttesttesttesttesttesttesttesttesttesttesttesttesttesttesttesttesttesttesttesttesttesttesttesttesttesttesttesttesttesttesttesttesttesttesttesttest
2024-11-21 09:14:21,056 - INFO - Sending Email...grrttshae1@gamil.com with subject: test and body: test
2024-11-21 09:14:21,056 - INFO - Email successfully sent to grrttshae1@gamil.com with subject: test and body: test
2024-11-21 09:14:21,056 - INFO - Sending Email...grrttshae1@gamil.com with subject: test and body: test
2024-11-21 09:14:21,056 - INFO - Email successfully sent to grrttshae1@gamil.com with subject: test and body: test
2024-11-21 09:14:21,056 - INFO - Sending Email...grrttshae1@gamil.com with subject: test and body: test
2024-11-21 09:14:21,056 - INFO - Email successfully sent to grrttshae1@gamil.com with subject: test and body: test
2024-11-21 09:14:21,056 - INFO - Sending Email...grrttshae1@gamil.com with subject: test and body: test
2024-11-21 09:14:21,056 - INFO - Email successfully sent to grrttshae1@gamil.com with subject: test and body: test
2024-11-21 09:14:21,056 - INFO - Sending Email...grrttshae1@gamil.com with subject: test and body: test
2024-11-21 09:14:21,056 - INFO - Email successfully sent to grrttshae1@gamil.com with subject: test and body: test
2024-11-21 09:16:27,376 - WARNING - Validatation Errors for row {'subject': 'Missing email', 'body': ' This a Test', 'to_email': ''}: Missing or Invalid Email: 
2024-11-21 09:16:27,376 - WARNING - Validatation Errors for row {'subject': 'invalid email', 'body': ' This is test.', 'to_email': 'invalidemailgmail.com'}: Missing or Invalid Email: invalidemailgmail.com
2024-11-21 09:16:27,376 - WARNING - Validatation Errors for row {'subject': '', 'body': 'missing', 'to_email': ''}: Missing subject., Missing or Invalid Email: 
2024-11-21 09:16:27,376 - WARNING - Validatation Errors for row {'subject': '', 'body': '', 'to_email': 'usaer@.com'}: Missing subject., Missing Body., Missing or Invalid Email: usaer@.com
2024-11-21 09:16:37,385 - INFO - Sending Email...emailgarrett93@gmail.com with subject: Valid email and body: this is a test.
2024-11-21 09:16:37,385 - INFO - Email successfully sent to emailgarrett93@gmail.com with subject: Valid email and body: this is a test.
2024-11-21 09:16:37,401 - ERROR - Error: [Errno 11001] getaddrinfo failed
2024-11-21 09:16:37,401 - INFO - Sending Email...emailgarrett93@gmail.com with subject: * and body: *
2024-11-21 09:16:37,401 - INFO - Email successfully sent to emailgarrett93@gmail.com with subject: * and body: *
2024-11-21 09:16:37,401 - ERROR - Error: [Errno 11001] getaddrinfo failed
2024-11-21 09:16:37,401 - INFO - Sending Email...emailgarrett93@gmail.com with subject: bbbbbbbbbbbbbbbbbbbbbbbbbbbbbbbbbbbbbbbbbbbbbbbbbbbbbbbbbbbbbbbbbbbbbbbbbbbbbbbbbbbbbbbbbbbbbbbbbbbbbbbbbbbbbbbbbbbbbbbbbbbbbbbbbbbbb and body: testtesttesttesttesttesttesttesttesttesttesttesttesttesttesttesttesttesttesttesttesttesttesttesttesttesttesttesttesttesttesttesttesttesttesttesttesttesttesttesttesttesttesttesttesttesttesttesttesttesttesttesttesttesttesttesttesttesttesttesttesttesttesttesttesttesttesttesttesttesttesttesttesttesttesttesttesttesttesttesttesttesttesttesttesttesttesttesttesttesttesttesttesttesttesttesttesttesttesttesttesttesttesttesttesttesttesttesttesttest
2024-11-21 09:16:37,401 - INFO - Email successfully sent to emailgarrett93@gmail.com with subject: bbbbbbbbbbbbbbbbbbbbbbbbbbbbbbbbbbbbbbbbbbbbbbbbbbbbbbbbbbbbbbbbbbbbbbbbbbbbbbbbbbbbbbbbbbbbbbbbbbbbbbbbbbbbbbbbbbbbbbbbbbbbbbbbbbbbb and body: testtesttesttesttesttesttesttesttesttesttesttesttesttesttesttesttesttesttesttesttesttesttesttesttesttesttesttesttesttesttesttesttesttesttesttesttesttesttesttesttesttesttesttesttesttesttesttesttesttesttesttesttesttesttesttesttesttesttesttesttesttesttesttesttesttesttesttesttesttesttesttesttesttesttesttesttesttesttesttesttesttesttesttesttesttesttesttesttesttesttesttesttesttesttesttesttesttesttesttesttesttesttesttesttesttesttesttesttesttest
2024-11-21 09:16:37,401 - ERROR - Error: [Errno 11001] getaddrinfo failed
2024-11-21 09:16:37,401 - INFO - Sending Email...grrttshae1@gamil.com with subject: test and body: test
2024-11-21 09:16:37,401 - INFO - Email successfully sent to grrttshae1@gamil.com with subject: test and body: test
2024-11-21 09:16:37,401 - ERROR - Error: [Errno 11001] getaddrinfo failed
2024-11-21 09:16:37,408 - INFO - Sending Email...grrttshae1@gamil.com with subject: test and body: test
2024-11-21 09:16:37,408 - INFO - Email successfully sent to grrttshae1@gamil.com with subject: test and body: test
2024-11-21 09:16:37,409 - ERROR - Error: [Errno 11001] getaddrinfo failed
2024-11-21 09:16:37,410 - INFO - Sending Email...grrttshae1@gamil.com with subject: test and body: test
2024-11-21 09:16:37,410 - INFO - Email successfully sent to grrttshae1@gamil.com with subject: test and body: test
2024-11-21 09:16:37,411 - ERROR - Error: [Errno 11001] getaddrinfo failed
2024-11-21 09:16:37,411 - INFO - Sending Email...grrttshae1@gamil.com with subject: test and body: test
2024-11-21 09:16:37,411 - INFO - Email successfully sent to grrttshae1@gamil.com with subject: test and body: test
2024-11-21 09:16:37,412 - ERROR - Error: [Errno 11001] getaddrinfo failed
2024-11-21 09:16:37,412 - INFO - Sending Email...grrttshae1@gamil.com with subject: test and body: test
2024-11-21 09:16:37,412 - INFO - Email successfully sent to grrttshae1@gamil.com with subject: test and body: test
2024-11-21 09:16:37,413 - ERROR - Error: [Errno 11001] getaddrinfo failed
2024-11-21 09:20:59,379 - WARNING - Validatation Errors for row {'subject': 'Missing email', 'body': ' This a Test', 'to_email': ''}: Missing or Invalid Email: 
2024-11-21 09:20:59,379 - WARNING - Validatation Errors for row {'subject': 'invalid email', 'body': ' This is test.', 'to_email': 'invalidemailgmail.com'}: Missing or Invalid Email: invalidemailgmail.com
2024-11-21 09:20:59,379 - WARNING - Validatation Errors for row {'subject': '', 'body': 'missing', 'to_email': ''}: Missing subject., Missing or Invalid Email: 
2024-11-21 09:20:59,379 - WARNING - Validatation Errors for row {'subject': '', 'body': '', 'to_email': 'usaer@.com'}: Missing subject., Missing Body., Missing or Invalid Email: usaer@.com
2024-11-21 09:21:09,388 - INFO - Sending Email...emailgarrett93@gmail.com with subject: Valid email and body: this is a test.
2024-11-21 09:21:09,388 - ERROR - Error: [Errno 11001] getaddrinfo failed
2024-11-21 09:21:09,403 - INFO - Sending Email...emailgarrett93@gmail.com with subject: * and body: *
2024-11-21 09:21:09,404 - ERROR - Error: [Errno 11001] getaddrinfo failed
2024-11-21 09:21:09,405 - INFO - Sending Email...emailgarrett93@gmail.com with subject: bbbbbbbbbbbbbbbbbbbbbbbbbbbbbbbbbbbbbbbbbbbbbbbbbbbbbbbbbbbbbbbbbbbbbbbbbbbbbbbbbbbbbbbbbbbbbbbbbbbbbbbbbbbbbbbbbbbbbbbbbbbbbbbbbbbbb and body: testtesttesttesttesttesttesttesttesttesttesttesttesttesttesttesttesttesttesttesttesttesttesttesttesttesttesttesttesttesttesttesttesttesttesttesttesttesttesttesttesttesttesttesttesttesttesttesttesttesttesttesttesttesttesttesttesttesttesttesttesttesttesttesttesttesttesttesttesttesttesttesttesttesttesttesttesttesttesttesttesttesttesttesttesttesttesttesttesttesttesttesttesttesttesttesttesttesttesttesttesttesttesttesttesttesttesttesttesttest
2024-11-21 09:21:09,406 - ERROR - Error: [Errno 11001] getaddrinfo failed
2024-11-21 09:21:09,406 - INFO - Sending Email...grrttshae1@gamil.com with subject: test and body: test
2024-11-21 09:21:09,407 - ERROR - Error: [Errno 11001] getaddrinfo failed
2024-11-21 09:21:09,407 - INFO - Sending Email...grrttshae1@gamil.com with subject: test and body: test
2024-11-21 09:21:09,407 - ERROR - Error: [Errno 11001] getaddrinfo failed
2024-11-21 09:21:09,408 - INFO - Sending Email...grrttshae1@gamil.com with subject: test and body: test
2024-11-21 09:21:09,409 - ERROR - Error: [Errno 11001] getaddrinfo failed
2024-11-21 09:21:09,409 - INFO - Sending Email...grrttshae1@gamil.com with subject: test and body: test
2024-11-21 09:21:09,410 - ERROR - Error: [Errno 11001] getaddrinfo failed
2024-11-21 09:21:09,411 - INFO - Sending Email...grrttshae1@gamil.com with subject: test and body: test
2024-11-21 09:21:09,412 - ERROR - Error: [Errno 11001] getaddrinfo failed
2024-11-21 09:26:34,792 - WARNING - Validatation Errors for row {'subject': 'Missing email', 'body': ' This a Test', 'to_email': ''}: Missing or Invalid Email: 
2024-11-21 09:26:34,792 - WARNING - Validatation Errors for row {'subject': 'invalid email', 'body': ' This is test.', 'to_email': 'invalidemailgmail.com'}: Missing or Invalid Email: invalidemailgmail.com
2024-11-21 09:26:34,792 - WARNING - Validatation Errors for row {'subject': '', 'body': 'missing', 'to_email': ''}: Missing subject., Missing or Invalid Email: 
2024-11-21 09:26:34,792 - WARNING - Validatation Errors for row {'subject': '', 'body': '', 'to_email': 'usaer@.com'}: Missing subject., Missing Body., Missing or Invalid Email: usaer@.com
2024-11-21 09:27:15,695 - WARNING - Validatation Errors for row {'subject': 'Missing email', 'body': ' This a Test', 'to_email': ''}: Missing or Invalid Email: 
2024-11-21 09:27:15,695 - WARNING - Validatation Errors for row {'subject': 'invalid email', 'body': ' This is test.', 'to_email': 'invalidemailgmail.com'}: Missing or Invalid Email: invalidemailgmail.com
2024-11-21 09:27:15,695 - WARNING - Validatation Errors for row {'subject': '', 'body': 'missing', 'to_email': ''}: Missing subject., Missing or Invalid Email: 
2024-11-21 09:27:15,695 - WARNING - Validatation Errors for row {'subject': '', 'body': '', 'to_email': 'usaer@.com'}: Missing subject., Missing Body., Missing or Invalid Email: usaer@.com
2024-11-21 09:27:25,706 - INFO - Sending Email...emailgarrett93@gmail.com with subject: Valid email and body: this is a test.
2024-11-21 09:27:26,916 - INFO - Email Sent Successfully!
2024-11-21 09:27:26,916 - INFO - Sending Email...emailgarrett93@gmail.com with subject: * and body: *
2024-11-21 09:27:27,653 - INFO - Email Sent Successfully!
2024-11-21 09:27:27,653 - INFO - Sending Email...emailgarrett93@gmail.com with subject: bbbbbbbbbbbbbbbbbbbbbbbbbbbbbbbbbbbbbbbbbbbbbbbbbbbbbbbbbbbbbbbbbbbbbbbbbbbbbbbbbbbbbbbbbbbbbbbbbbbbbbbbbbbbbbbbbbbbbbbbbbbbbbbbbbbbb and body: testtesttesttesttesttesttesttesttesttesttesttesttesttesttesttesttesttesttesttesttesttesttesttesttesttesttesttesttesttesttesttesttesttesttesttesttesttesttesttesttesttesttesttesttesttesttesttesttesttesttesttesttesttesttesttesttesttesttesttesttesttesttesttesttesttesttesttesttesttesttesttesttesttesttesttesttesttesttesttesttesttesttesttesttesttesttesttesttesttesttesttesttesttesttesttesttesttesttesttesttesttesttesttesttesttesttesttesttesttest
2024-11-21 09:27:28,421 - INFO - Email Sent Successfully!
2024-11-21 09:27:28,421 - INFO - Sending Email...grrttshae1@gamil.com with subject: test and body: test
2024-11-21 09:42:15,719 - WARNING - Validatation Errors for row {'subject': 'Missing email', 'body': ' This a Test', 'to_email': ''}: Missing or Invalid Email: 
2024-11-21 09:42:15,719 - WARNING - Validatation Errors for row {'subject': 'invalid email', 'body': ' This is test.', 'to_email': 'invalidemailgmail.com'}: Missing or Invalid Email: invalidemailgmail.com
2024-11-21 09:42:15,719 - WARNING - Validatation Errors for row {'subject': '', 'body': 'missing', 'to_email': ''}: Missing subject., Missing or Invalid Email: 
2024-11-21 09:42:15,719 - WARNING - Validatation Errors for row {'subject': '', 'body': '', 'to_email': 'usaer@.com'}: Missing subject., Missing Body., Missing or Invalid Email: usaer@.com
2024-11-21 09:42:25,727 - INFO - Sending Email...emailgarrett93@gmail.com with subject: Valid email and body: this is a test.
2024-11-21 09:42:26,696 - INFO - Email Sent Successfully!
2024-11-21 09:42:26,696 - INFO - Sending Email...emailgarrett93@gmail.com with subject: * and body: *
2024-11-21 09:42:27,432 - INFO - Email Sent Successfully!
2024-11-21 09:42:27,432 - INFO - Sending Email...emailgarrett93@gmail.com with subject: bbbbbbbbbbbbbbbbbbbbbbbbbbbbbbbbbbbbbbbbbbbbbbbbbbbbbbbbbbbbbbbbbbbbbbbbbbbbbbbbbbbbbbbbbbbbbbbbbbbbbbbbbbbbbbbbbbbbbbbbbbbbbbbbbbbbb and body: testtesttesttesttesttesttesttesttesttesttesttesttesttesttesttesttesttesttesttesttesttesttesttesttesttesttesttesttesttesttesttesttesttesttesttesttesttesttesttesttesttesttesttesttesttesttesttesttesttesttesttesttesttesttesttesttesttesttesttesttesttesttesttesttesttesttesttesttesttesttesttesttesttesttesttesttesttesttesttesttesttesttesttesttesttesttesttesttesttesttesttesttesttesttesttesttesttesttesttesttesttesttesttesttesttesttesttesttesttest
2024-11-21 09:42:28,532 - INFO - Email Sent Successfully!
2024-11-21 09:42:28,532 - INFO - Sending Email...grrttshae1@gamil.com with subject: test and body: test
